<?xml version="1.0" encoding="UTF-8"?>
<!-- Generated by org.testng.reporters.JUnitReportReporter -->
<testsuite hostname="ip-172-21-1-99.ap-southeast-1.compute.internal" name="com.freecharge.automation.P2P_iOS.UserLogin" tests="1" failures="0" timestamp="4 Apr 2016 10:31:05 GMT" time="64.593" errors="0">
  <testcase name="LaunchApp" time="64.593" classname="com.freecharge.automation.P2P_iOS.UserLogin"/>
</testsuite> <!-- com.freecharge.automation.P2P_iOS.UserLogin -->
